#
# A fatal error has been detected by the Java Runtime Environment:
#
#  Internal Error (./open/src/hotspot/share/interpreter/oopMapCache.cpp:111), pid=1112, tid=5220
#  Error: ShouldNotReachHere()
#
# JRE version: Java(TM) SE Runtime Environment (15.0.1+9) (build 15.0.1+9-18)
# Java VM: Java HotSpot(TM) 64-Bit Server VM (15.0.1+9-18, mixed mode, sharing, tiered, compressed oops, g1 gc, windows-amd64)
# No core dump will be written. Minidumps are not enabled by default on client versions of Windows
#
# If you would like to submit a bug report, please visit:
#   https://bugreport.java.com/bugreport/crash.jsp
#

---------------  S U M M A R Y ------------

Command Line: -agentlib:jdwp=transport=dt_socket,address=127.0.0.1:57534,suspend=y,server=n -ea -Didea.test.cyclic.buffer.size=1048576 -javaagent:C:\Users\kuzne\AppData\Local\JetBrains\IdeaIC2020.3\captureAgent\debugger-agent.jar -Dfile.encoding=UTF-8 com.intellij.rt.junit.JUnitStarter -ideVersion5 -junit5 codewars.kyu5.SimplePigLatinTest,pigIt

Host: Intel(R) Core(TM) i7-4770 CPU @ 3.40GHz, 8 cores, 7G,  Windows 10 , 64 bit Build 17134 (10.0.17134.753)
Time: Mon Sep 20 15:15:19 2021 RTZ 2 (ceia) elapsed time: 115.764106 seconds (0d 0h 1m 55s)

---------------  T H R E A D  ---------------

Current thread (0x000002e5e4ad9e10):  JavaThread "JDWP Transport Listener: dt_socket" daemon [_thread_in_vm, id=5220, stack(0x000000edadc00000,0x000000edadd00000)] _threads_hazard_ptr=0x000002e5e521a430

Stack: [0x000000edadc00000,0x000000edadd00000]
Native frames: (J=compiled Java code, j=interpreted, Vv=VM code, C=native code)
V  [jvm.dll+0x62ae9a]
V  [jvm.dll+0x781389]
V  [jvm.dll+0x782ae3]
V  [jvm.dll+0x7830f7]
V  [jvm.dll+0x2161cc]
V  [jvm.dll+0x216113]
V  [jvm.dll+0x619caa]
V  [jvm.dll+0x619963]
V  [jvm.dll+0x5df038]
V  [jvm.dll+0x7783ef]
V  [jvm.dll+0x4f04b1]
V  [jvm.dll+0x787e95]
V  [jvm.dll+0x4d430a]
V  [jvm.dll+0x49548b]
C  [jdwp.dll+0x7f79]


---------------  P R O C E S S  ---------------

Threads class SMR info:
_java_thread_list=0x000002e5e521a430, length=14, elements={
0x000002e5c5577630, 0x000002e5e401c430, 0x000002e5e401ce10, 0x000002e5e4036770,
0x000002e5e4039040, 0x000002e5e403a910, 0x000002e5e403ea00, 0x000002e5e4041310,
0x000002e5e4049c20, 0x000002e5e3ffde60, 0x000002e5e4ad9e10, 0x000002e5e4b8d800,
0x000002e5e4b90120, 0x000002e5e4b303a0
}

Java Threads: ( => current thread )
  0x000002e5c5577630 JavaThread "main" [_thread_blocked, id=6404, stack(0x000000edacc00000,0x000000edacd00000)]
  0x000002e5e401c430 JavaThread "Reference Handler" daemon [_thread_blocked, id=2180, stack(0x000000edad300000,0x000000edad400000)]
  0x000002e5e401ce10 JavaThread "Finalizer" daemon [_thread_blocked, id=13044, stack(0x000000edad400000,0x000000edad500000)]
  0x000002e5e4036770 JavaThread "Signal Dispatcher" daemon [_thread_blocked, id=12560, stack(0x000000edad500000,0x000000edad600000)]
  0x000002e5e4039040 JavaThread "Attach Listener" daemon [_thread_blocked, id=232, stack(0x000000edad600000,0x000000edad700000)]
  0x000002e5e403a910 JavaThread "Service Thread" daemon [_thread_blocked, id=13008, stack(0x000000edad700000,0x000000edad800000)]
  0x000002e5e403ea00 JavaThread "C2 CompilerThread0" daemon [_thread_blocked, id=12364, stack(0x000000edad800000,0x000000edad900000)]
  0x000002e5e4041310 JavaThread "C1 CompilerThread0" daemon [_thread_blocked, id=10524, stack(0x000000edad900000,0x000000edada00000)]
  0x000002e5e4049c20 JavaThread "Sweeper thread" daemon [_thread_blocked, id=17728, stack(0x000000edada00000,0x000000edadb00000)]
  0x000002e5e3ffde60 JavaThread "Common-Cleaner" daemon [_thread_blocked, id=10156, stack(0x000000edadb00000,0x000000edadc00000)]
=>0x000002e5e4ad9e10 JavaThread "JDWP Transport Listener: dt_socket" daemon [_thread_in_vm, id=5220, stack(0x000000edadc00000,0x000000edadd00000)] _threads_hazard_ptr=0x000002e5e521a430
  0x000002e5e4b8d800 JavaThread "JDWP Event Helper Thread" daemon [_thread_blocked, id=13700, stack(0x000000edadd00000,0x000000edade00000)]
  0x000002e5e4b90120 JavaThread "JDWP Command Reader" daemon [_thread_in_native, id=16716, stack(0x000000edade00000,0x000000edadf00000)]
  0x000002e5e4b303a0 JavaThread "Notification Thread" daemon [_thread_blocked, id=9416, stack(0x000000edadf00000,0x000000edae000000)]

Other Threads:
  0x000002e5e4014d80 VMThread "VM Thread" [stack: 0x000000edad200000,0x000000edad300000] [id=14364]
  0x000002e5e4c21290 WatcherThread [stack: 0x000000edae000000,0x000000edae100000] [id=16700]
  0x000002e5c55b6220 GCTaskThread "GC Thread#0" [stack: 0x000000edacd00000,0x000000edace00000] [id=1952]
  0x000002e5c55c8f60 ConcurrentGCThread "G1 Main Marker" [stack: 0x000000edace00000,0x000000edacf00000] [id=11360]
  0x000002e5c55ca5a0 ConcurrentGCThread "G1 Conc#0" [stack: 0x000000edacf00000,0x000000edad000000] [id=16892]
  0x000002e5e3e920b0 ConcurrentGCThread "G1 Refine#0" [stack: 0x000000edad000000,0x000000edad100000] [id=10888]
  0x000002e5e3e92ac0 ConcurrentGCThread "G1 Young RemSet Sampling" [stack: 0x000000edad100000,0x000000edad200000] [id=13852]

Threads with active compile tasks:

VM state: not at safepoint (normal execution)

VM Mutex/Monitor currently owned by a thread: None

Heap address: 0x0000000081e00000, size: 2018 MB, Compressed Oops mode: 32-bit
CDS archive(s) mapped at: [0x0000000800000000-0x0000000800b50000-0x0000000800b50000), size 11862016, SharedBaseAddress: 0x0000000800000000, ArchiveRelocationMode: 0.
Compressed class space mapped at: 0x0000000800b50000-0x0000000840b50000, size: 1073741824
Narrow klass base: 0x0000000800000000, Narrow klass shift: 3, Narrow klass range: 0x100000000

GC Precious Log:
 CPUs: 8 total, 8 available
 Memory: 8071M
 Large Page Support: Disabled
 NUMA Support: Disabled
 Compressed Oops: Enabled (32-bit)
 Heap Region Size: 1M
 Heap Min Capacity: 8M
 Heap Initial Capacity: 128M
 Heap Max Capacity: 2018M
 Pre-touch: Disabled
 Parallel Workers: 8
 Concurrent Workers: 2
 Concurrent Refinement Workers: 8
 Periodic GC: Disabled

Heap:
 garbage-first heap   total 131072K, used 19456K [0x0000000081e00000, 0x0000000100000000)
  region size 1024K, 20 young (20480K), 0 survivors (0K)
 Metaspace       used 4836K, capacity 7108K, committed 7296K, reserved 1056768K
  class space    used 626K, capacity 852K, committed 896K, reserved 1048576K

Heap Regions: E=young(eden), S=young(survivor), O=old, HS=humongous(starts), HC=humongous(continues), CS=collection set, F=free, OA=open archive, CA=closed archive, TAMS=top-at-mark-start (previous, next)
|   0|0x0000000081e00000, 0x0000000081e00000, 0x0000000081f00000|  0%| F|  |TAMS 0x0000000081e00000, 0x0000000081e00000| Untracked 
|   1|0x0000000081f00000, 0x0000000081f00000, 0x0000000082000000|  0%| F|  |TAMS 0x0000000081f00000, 0x0000000081f00000| Untracked 
|   2|0x0000000082000000, 0x0000000082000000, 0x0000000082100000|  0%| F|  |TAMS 0x0000000082000000, 0x0000000082000000| Untracked 
|   3|0x0000000082100000, 0x0000000082100000, 0x0000000082200000|  0%| F|  |TAMS 0x0000000082100000, 0x0000000082100000| Untracked 
|   4|0x0000000082200000, 0x0000000082200000, 0x0000000082300000|  0%| F|  |TAMS 0x0000000082200000, 0x0000000082200000| Untracked 
|   5|0x0000000082300000, 0x0000000082300000, 0x0000000082400000|  0%| F|  |TAMS 0x0000000082300000, 0x0000000082300000| Untracked 
|   6|0x0000000082400000, 0x0000000082400000, 0x0000000082500000|  0%| F|  |TAMS 0x0000000082400000, 0x0000000082400000| Untracked 
|   7|0x0000000082500000, 0x0000000082500000, 0x0000000082600000|  0%| F|  |TAMS 0x0000000082500000, 0x0000000082500000| Untracked 
|   8|0x0000000082600000, 0x0000000082600000, 0x0000000082700000|  0%| F|  |TAMS 0x0000000082600000, 0x0000000082600000| Untracked 
|   9|0x0000000082700000, 0x0000000082700000, 0x0000000082800000|  0%| F|  |TAMS 0x0000000082700000, 0x0000000082700000| Untracked 
|  10|0x0000000082800000, 0x0000000082800000, 0x0000000082900000|  0%| F|  |TAMS 0x0000000082800000, 0x0000000082800000| Untracked 
|  11|0x0000000082900000, 0x0000000082900000, 0x0000000082a00000|  0%| F|  |TAMS 0x0000000082900000, 0x0000000082900000| Untracked 
|  12|0x0000000082a00000, 0x0000000082a00000, 0x0000000082b00000|  0%| F|  |TAMS 0x0000000082a00000, 0x0000000082a00000| Untracked 
|  13|0x0000000082b00000, 0x0000000082b00000, 0x0000000082c00000|  0%| F|  |TAMS 0x0000000082b00000, 0x0000000082b00000| Untracked 
|  14|0x0000000082c00000, 0x0000000082c00000, 0x0000000082d00000|  0%| F|  |TAMS 0x0000000082c00000, 0x0000000082c00000| Untracked 
|  15|0x0000000082d00000, 0x0000000082d00000, 0x0000000082e00000|  0%| F|  |TAMS 0x0000000082d00000, 0x0000000082d00000| Untracked 
|  16|0x0000000082e00000, 0x0000000082e00000, 0x0000000082f00000|  0%| F|  |TAMS 0x0000000082e00000, 0x0000000082e00000| Untracked 
|  17|0x0000000082f00000, 0x0000000082f00000, 0x0000000083000000|  0%| F|  |TAMS 0x0000000082f00000, 0x0000000082f00000| Untracked 
|  18|0x0000000083000000, 0x0000000083000000, 0x0000000083100000|  0%| F|  |TAMS 0x0000000083000000, 0x0000000083000000| Untracked 
|  19|0x0000000083100000, 0x0000000083100000, 0x0000000083200000|  0%| F|  |TAMS 0x0000000083100000, 0x0000000083100000| Untracked 
|  20|0x0000000083200000, 0x0000000083200000, 0x0000000083300000|  0%| F|  |TAMS 0x0000000083200000, 0x0000000083200000| Untracked 
|  21|0x0000000083300000, 0x0000000083300000, 0x0000000083400000|  0%| F|  |TAMS 0x0000000083300000, 0x0000000083300000| Untracked 
|  22|0x0000000083400000, 0x0000000083400000, 0x0000000083500000|  0%| F|  |TAMS 0x0000000083400000, 0x0000000083400000| Untracked 
|  23|0x0000000083500000, 0x0000000083500000, 0x0000000083600000|  0%| F|  |TAMS 0x0000000083500000, 0x0000000083500000| Untracked 
|  24|0x0000000083600000, 0x0000000083600000, 0x0000000083700000|  0%| F|  |TAMS 0x0000000083600000, 0x0000000083600000| Untracked 
|  25|0x0000000083700000, 0x0000000083700000, 0x0000000083800000|  0%| F|  |TAMS 0x0000000083700000, 0x0000000083700000| Untracked 
|  26|0x0000000083800000, 0x0000000083800000, 0x0000000083900000|  0%| F|  |TAMS 0x0000000083800000, 0x0000000083800000| Untracked 
|  27|0x0000000083900000, 0x0000000083900000, 0x0000000083a00000|  0%| F|  |TAMS 0x0000000083900000, 0x0000000083900000| Untracked 
|  28|0x0000000083a00000, 0x0000000083a00000, 0x0000000083b00000|  0%| F|  |TAMS 0x0000000083a00000, 0x0000000083a00000| Untracked 
|  29|0x0000000083b00000, 0x0000000083b00000, 0x0000000083c00000|  0%| F|  |TAMS 0x0000000083b00000, 0x0000000083b00000| Untracked 
|  30|0x0000000083c00000, 0x0000000083c00000, 0x0000000083d00000|  0%| F|  |TAMS 0x0000000083c00000, 0x0000000083c00000| Untracked 
|  31|0x0000000083d00000, 0x0000000083d00000, 0x0000000083e00000|  0%| F|  |TAMS 0x0000000083d00000, 0x0000000083d00000| Untracked 
|  32|0x0000000083e00000, 0x0000000083e00000, 0x0000000083f00000|  0%| F|  |TAMS 0x0000000083e00000, 0x0000000083e00000| Untracked 
|  33|0x0000000083f00000, 0x0000000083f00000, 0x0000000084000000|  0%| F|  |TAMS 0x0000000083f00000, 0x0000000083f00000| Untracked 
|  34|0x0000000084000000, 0x0000000084000000, 0x0000000084100000|  0%| F|  |TAMS 0x0000000084000000, 0x0000000084000000| Untracked 
|  35|0x0000000084100000, 0x0000000084100000, 0x0000000084200000|  0%| F|  |TAMS 0x0000000084100000, 0x0000000084100000| Untracked 
|  36|0x0000000084200000, 0x0000000084200000, 0x0000000084300000|  0%| F|  |TAMS 0x0000000084200000, 0x0000000084200000| Untracked 
|  37|0x0000000084300000, 0x0000000084300000, 0x0000000084400000|  0%| F|  |TAMS 0x0000000084300000, 0x0000000084300000| Untracked 
|  38|0x0000000084400000, 0x0000000084400000, 0x0000000084500000|  0%| F|  |TAMS 0x0000000084400000, 0x0000000084400000| Untracked 
|  39|0x0000000084500000, 0x0000000084500000, 0x0000000084600000|  0%| F|  |TAMS 0x0000000084500000, 0x0000000084500000| Untracked 
|  40|0x0000000084600000, 0x0000000084600000, 0x0000000084700000|  0%| F|  |TAMS 0x0000000084600000, 0x0000000084600000| Untracked 
|  41|0x0000000084700000, 0x0000000084700000, 0x0000000084800000|  0%| F|  |TAMS 0x0000000084700000, 0x0000000084700000| Untracked 
|  42|0x0000000084800000, 0x0000000084800000, 0x0000000084900000|  0%| F|  |TAMS 0x0000000084800000, 0x0000000084800000| Untracked 
|  43|0x0000000084900000, 0x0000000084900000, 0x0000000084a00000|  0%| F|  |TAMS 0x0000000084900000, 0x0000000084900000| Untracked 
|  44|0x0000000084a00000, 0x0000000084a00000, 0x0000000084b00000|  0%| F|  |TAMS 0x0000000084a00000, 0x0000000084a00000| Untracked 
|  45|0x0000000084b00000, 0x0000000084b00000, 0x0000000084c00000|  0%| F|  |TAMS 0x0000000084b00000, 0x0000000084b00000| Untracked 
|  46|0x0000000084c00000, 0x0000000084c00000, 0x0000000084d00000|  0%| F|  |TAMS 0x0000000084c00000, 0x0000000084c00000| Untracked 
|  47|0x0000000084d00000, 0x0000000084d00000, 0x0000000084e00000|  0%| F|  |TAMS 0x0000000084d00000, 0x0000000084d00000| Untracked 
|  48|0x0000000084e00000, 0x0000000084e00000, 0x0000000084f00000|  0%| F|  |TAMS 0x0000000084e00000, 0x0000000084e00000| Untracked 
|  49|0x0000000084f00000, 0x0000000084f00000, 0x0000000085000000|  0%| F|  |TAMS 0x0000000084f00000, 0x0000000084f00000| Untracked 
|  50|0x0000000085000000, 0x0000000085000000, 0x0000000085100000|  0%| F|  |TAMS 0x0000000085000000, 0x0000000085000000| Untracked 
|  51|0x0000000085100000, 0x0000000085100000, 0x0000000085200000|  0%| F|  |TAMS 0x0000000085100000, 0x0000000085100000| Untracked 
|  52|0x0000000085200000, 0x0000000085200000, 0x0000000085300000|  0%| F|  |TAMS 0x0000000085200000, 0x0000000085200000| Untracked 
|  53|0x0000000085300000, 0x0000000085300000, 0x0000000085400000|  0%| F|  |TAMS 0x0000000085300000, 0x0000000085300000| Untracked 
|  54|0x0000000085400000, 0x0000000085400000, 0x0000000085500000|  0%| F|  |TAMS 0x0000000085400000, 0x0000000085400000| Untracked 
|  55|0x0000000085500000, 0x0000000085500000, 0x0000000085600000|  0%| F|  |TAMS 0x0000000085500000, 0x0000000085500000| Untracked 
|  56|0x0000000085600000, 0x0000000085600000, 0x0000000085700000|  0%| F|  |TAMS 0x0000000085600000, 0x0000000085600000| Untracked 
|  57|0x0000000085700000, 0x0000000085700000, 0x0000000085800000|  0%| F|  |TAMS 0x0000000085700000, 0x0000000085700000| Untracked 
|  58|0x0000000085800000, 0x0000000085800000, 0x0000000085900000|  0%| F|  |TAMS 0x0000000085800000, 0x0000000085800000| Untracked 
|  59|0x0000000085900000, 0x0000000085900000, 0x0000000085a00000|  0%| F|  |TAMS 0x0000000085900000, 0x0000000085900000| Untracked 
|  60|0x0000000085a00000, 0x0000000085a00000, 0x0000000085b00000|  0%| F|  |TAMS 0x0000000085a00000, 0x0000000085a00000| Untracked 
|  61|0x0000000085b00000, 0x0000000085b00000, 0x0000000085c00000|  0%| F|  |TAMS 0x0000000085b00000, 0x0000000085b00000| Untracked 
|  62|0x0000000085c00000, 0x0000000085c00000, 0x0000000085d00000|  0%| F|  |TAMS 0x0000000085c00000, 0x0000000085c00000| Untracked 
|  63|0x0000000085d00000, 0x0000000085d00000, 0x0000000085e00000|  0%| F|  |TAMS 0x0000000085d00000, 0x0000000085d00000| Untracked 
|  64|0x0000000085e00000, 0x0000000085e00000, 0x0000000085f00000|  0%| F|  |TAMS 0x0000000085e00000, 0x0000000085e00000| Untracked 
|  65|0x0000000085f00000, 0x0000000085f00000, 0x0000000086000000|  0%| F|  |TAMS 0x0000000085f00000, 0x0000000085f00000| Untracked 
|  66|0x0000000086000000, 0x0000000086000000, 0x0000000086100000|  0%| F|  |TAMS 0x0000000086000000, 0x0000000086000000| Untracked 
|  67|0x0000000086100000, 0x0000000086100000, 0x0000000086200000|  0%| F|  |TAMS 0x0000000086100000, 0x0000000086100000| Untracked 
|  68|0x0000000086200000, 0x0000000086200000, 0x0000000086300000|  0%| F|  |TAMS 0x0000000086200000, 0x0000000086200000| Untracked 
|  69|0x0000000086300000, 0x0000000086300000, 0x0000000086400000|  0%| F|  |TAMS 0x0000000086300000, 0x0000000086300000| Untracked 
|  70|0x0000000086400000, 0x0000000086400000, 0x0000000086500000|  0%| F|  |TAMS 0x0000000086400000, 0x0000000086400000| Untracked 
|  71|0x0000000086500000, 0x0000000086500000, 0x0000000086600000|  0%| F|  |TAMS 0x0000000086500000, 0x0000000086500000| Untracked 
|  72|0x0000000086600000, 0x0000000086600000, 0x0000000086700000|  0%| F|  |TAMS 0x0000000086600000, 0x0000000086600000| Untracked 
|  73|0x0000000086700000, 0x0000000086700000, 0x0000000086800000|  0%| F|  |TAMS 0x0000000086700000, 0x0000000086700000| Untracked 
|  74|0x0000000086800000, 0x0000000086800000, 0x0000000086900000|  0%| F|  |TAMS 0x0000000086800000, 0x0000000086800000| Untracked 
|  75|0x0000000086900000, 0x0000000086900000, 0x0000000086a00000|  0%| F|  |TAMS 0x0000000086900000, 0x0000000086900000| Untracked 
|  76|0x0000000086a00000, 0x0000000086a00000, 0x0000000086b00000|  0%| F|  |TAMS 0x0000000086a00000, 0x0000000086a00000| Untracked 
|  77|0x0000000086b00000, 0x0000000086b00000, 0x0000000086c00000|  0%| F|  |TAMS 0x0000000086b00000, 0x0000000086b00000| Untracked 
|  78|0x0000000086c00000, 0x0000000086c00000, 0x0000000086d00000|  0%| F|  |TAMS 0x0000000086c00000, 0x0000000086c00000| Untracked 
|  79|0x0000000086d00000, 0x0000000086d00000, 0x0000000086e00000|  0%| F|  |TAMS 0x0000000086d00000, 0x0000000086d00000| Untracked 
|  80|0x0000000086e00000, 0x0000000086e00000, 0x0000000086f00000|  0%| F|  |TAMS 0x0000000086e00000, 0x0000000086e00000| Untracked 
|  81|0x0000000086f00000, 0x0000000086f00000, 0x0000000087000000|  0%| F|  |TAMS 0x0000000086f00000, 0x0000000086f00000| Untracked 
|  82|0x0000000087000000, 0x0000000087000000, 0x0000000087100000|  0%| F|  |TAMS 0x0000000087000000, 0x0000000087000000| Untracked 
|  83|0x0000000087100000, 0x0000000087100000, 0x0000000087200000|  0%| F|  |TAMS 0x0000000087100000, 0x0000000087100000| Untracked 
|  84|0x0000000087200000, 0x0000000087200000, 0x0000000087300000|  0%| F|  |TAMS 0x0000000087200000, 0x0000000087200000| Untracked 
|  85|0x0000000087300000, 0x0000000087300000, 0x0000000087400000|  0%| F|  |TAMS 0x0000000087300000, 0x0000000087300000| Untracked 
|  86|0x0000000087400000, 0x0000000087400000, 0x0000000087500000|  0%| F|  |TAMS 0x0000000087400000, 0x0000000087400000| Untracked 
|  87|0x0000000087500000, 0x0000000087500000, 0x0000000087600000|  0%| F|  |TAMS 0x0000000087500000, 0x0000000087500000| Untracked 
|  88|0x0000000087600000, 0x0000000087600000, 0x0000000087700000|  0%| F|  |TAMS 0x0000000087600000, 0x0000000087600000| Untracked 
|  89|0x0000000087700000, 0x0000000087700000, 0x0000000087800000|  0%| F|  |TAMS 0x0000000087700000, 0x0000000087700000| Untracked 
|  90|0x0000000087800000, 0x0000000087800000, 0x0000000087900000|  0%| F|  |TAMS 0x0000000087800000, 0x0000000087800000| Untracked 
|  91|0x0000000087900000, 0x0000000087900000, 0x0000000087a00000|  0%| F|  |TAMS 0x0000000087900000, 0x0000000087900000| Untracked 
|  92|0x0000000087a00000, 0x0000000087a00000, 0x0000000087b00000|  0%| F|  |TAMS 0x0000000087a00000, 0x0000000087a00000| Untracked 
|  93|0x0000000087b00000, 0x0000000087b00000, 0x0000000087c00000|  0%| F|  |TAMS 0x0000000087b00000, 0x0000000087b00000| Untracked 
|  94|0x0000000087c00000, 0x0000000087c00000, 0x0000000087d00000|  0%| F|  |TAMS 0x0000000087c00000, 0x0000000087c00000| Untracked 
|  95|0x0000000087d00000, 0x0000000087d00000, 0x0000000087e00000|  0%| F|  |TAMS 0x0000000087d00000, 0x0000000087d00000| Untracked 
|  96|0x0000000087e00000, 0x0000000087e00000, 0x0000000087f00000|  0%| F|  |TAMS 0x0000000087e00000, 0x0000000087e00000| Untracked 
|  97|0x0000000087f00000, 0x0000000087f00000, 0x0000000088000000|  0%| F|  |TAMS 0x0000000087f00000, 0x0000000087f00000| Untracked 
|  98|0x0000000088000000, 0x0000000088000000, 0x0000000088100000|  0%| F|  |TAMS 0x0000000088000000, 0x0000000088000000| Untracked 
|  99|0x0000000088100000, 0x0000000088100000, 0x0000000088200000|  0%| F|  |TAMS 0x0000000088100000, 0x0000000088100000| Untracked 
| 100|0x0000000088200000, 0x0000000088200000, 0x0000000088300000|  0%| F|  |TAMS 0x0000000088200000, 0x0000000088200000| Untracked 
| 101|0x0000000088300000, 0x0000000088300000, 0x0000000088400000|  0%| F|  |TAMS 0x0000000088300000, 0x0000000088300000| Untracked 
| 102|0x0000000088400000, 0x0000000088400000, 0x0000000088500000|  0%| F|  |TAMS 0x0000000088400000, 0x0000000088400000| Untracked 
| 103|0x0000000088500000, 0x0000000088500000, 0x0000000088600000|  0%| F|  |TAMS 0x0000000088500000, 0x0000000088500000| Untracked 
| 104|0x0000000088600000, 0x0000000088600000, 0x0000000088700000|  0%| F|  |TAMS 0x0000000088600000, 0x0000000088600000| Untracked 
| 105|0x0000000088700000, 0x0000000088700000, 0x0000000088800000|  0%| F|  |TAMS 0x0000000088700000, 0x0000000088700000| Untracked 
| 106|0x0000000088800000, 0x0000000088800000, 0x0000000088900000|  0%| F|  |TAMS 0x0000000088800000, 0x0000000088800000| Untracked 
| 107|0x0000000088900000, 0x0000000088900000, 0x0000000088a00000|  0%| F|  |TAMS 0x0000000088900000, 0x0000000088900000| Untracked 
| 108|0x0000000088a00000, 0x0000000088aed310, 0x0000000088b00000| 92%| E|  |TAMS 0x0000000088a00000, 0x0000000088a00000| Complete 
| 109|0x0000000088b00000, 0x0000000088c00000, 0x0000000088c00000|100%| E|CS|TAMS 0x0000000088b00000, 0x0000000088b00000| Complete 
| 110|0x0000000088c00000, 0x0000000088d00000, 0x0000000088d00000|100%| E|CS|TAMS 0x0000000088c00000, 0x0000000088c00000| Complete 
| 111|0x0000000088d00000, 0x0000000088e00000, 0x0000000088e00000|100%| E|CS|TAMS 0x0000000088d00000, 0x0000000088d00000| Complete 
| 112|0x0000000088e00000, 0x0000000088f00000, 0x0000000088f00000|100%| E|CS|TAMS 0x0000000088e00000, 0x0000000088e00000| Complete 
| 113|0x0000000088f00000, 0x0000000089000000, 0x0000000089000000|100%| E|CS|TAMS 0x0000000088f00000, 0x0000000088f00000| Complete 
| 114|0x0000000089000000, 0x0000000089100000, 0x0000000089100000|100%| E|CS|TAMS 0x0000000089000000, 0x0000000089000000| Complete 
| 115|0x0000000089100000, 0x0000000089200000, 0x0000000089200000|100%| E|CS|TAMS 0x0000000089100000, 0x0000000089100000| Complete 
| 116|0x0000000089200000, 0x0000000089300000, 0x0000000089300000|100%| E|CS|TAMS 0x0000000089200000, 0x0000000089200000| Complete 
| 117|0x0000000089300000, 0x0000000089400000, 0x0000000089400000|100%| E|CS|TAMS 0x0000000089300000, 0x0000000089300000| Complete 
| 118|0x0000000089400000, 0x0000000089500000, 0x0000000089500000|100%| E|CS|TAMS 0x0000000089400000, 0x0000000089400000| Complete 
| 119|0x0000000089500000, 0x0000000089600000, 0x0000000089600000|100%| E|CS|TAMS 0x0000000089500000, 0x0000000089500000| Complete 
| 120|0x0000000089600000, 0x0000000089700000, 0x0000000089700000|100%| E|CS|TAMS 0x0000000089600000, 0x0000000089600000| Complete 
| 121|0x0000000089700000, 0x0000000089800000, 0x0000000089800000|100%| E|CS|TAMS 0x0000000089700000, 0x0000000089700000| Complete 
| 122|0x0000000089800000, 0x0000000089900000, 0x0000000089900000|100%| E|CS|TAMS 0x0000000089800000, 0x0000000089800000| Complete 
| 123|0x0000000089900000, 0x0000000089a00000, 0x0000000089a00000|100%| E|CS|TAMS 0x0000000089900000, 0x0000000089900000| Complete 
| 124|0x0000000089a00000, 0x0000000089b00000, 0x0000000089b00000|100%| E|CS|TAMS 0x0000000089a00000, 0x0000000089a00000| Complete 
| 125|0x0000000089b00000, 0x0000000089c00000, 0x0000000089c00000|100%| E|CS|TAMS 0x0000000089b00000, 0x0000000089b00000| Complete 
| 126|0x0000000089c00000, 0x0000000089d00000, 0x0000000089d00000|100%| E|CS|TAMS 0x0000000089c00000, 0x0000000089c00000| Complete 
| 127|0x0000000089d00000, 0x0000000089e00000, 0x0000000089e00000|100%| E|CS|TAMS 0x0000000089d00000, 0x0000000089d00000| Complete 

Card table byte_map: [0x000002e5dced0000,0x000002e5dd2d0000] _byte_map_base: 0x000002e5dcac1000

Marking Bits (Prev, Next): (CMBitMap*) 0x000002e5c55b88c0, (CMBitMap*) 0x000002e5c55b8900
 Prev Bits: [0x000002e5dd6d0000, 0x000002e5df658000)
 Next Bits: [0x000002e5df660000, 0x000002e5e15e8000)

Polling page: 0x000002e5c4d40000

Metaspace:

Usage:
  Non-class:      6.11 MB capacity,     4.11 MB ( 67%) used,     1.99 MB ( 33%) free+waste,     7.56 KB ( <1%) overhead. 
      Class:    852.00 KB capacity,   626.68 KB ( 74%) used,   221.51 KB ( 26%) free+waste,     3.81 KB ( <1%) overhead. 
       Both:      6.94 MB capacity,     4.72 MB ( 68%) used,     2.21 MB ( 32%) free+waste,    11.38 KB ( <1%) overhead. 

Virtual space:
  Non-class space:        8.00 MB reserved,       6.25 MB ( 78%) committed 
      Class space:        1.00 GB reserved,     896.00 KB ( <1%) committed 
             Both:        1.01 GB reserved,       7.13 MB ( <1%) committed 

Chunk freelists:
   Non-Class:  16.00 KB
       Class:  12.00 KB
        Both:  28.00 KB

MaxMetaspaceSize: 17179869184.00 GB
CompressedClassSpaceSize: 1.00 GB

CodeHeap 'non-profiled nmethods': size=120000Kb used=329Kb max_used=329Kb free=119670Kb
 bounds [0x000002e5d5270000, 0x000002e5d54e0000, 0x000002e5dc7a0000]
CodeHeap 'profiled nmethods': size=120000Kb used=1976Kb max_used=1976Kb free=118023Kb
 bounds [0x000002e5cdd40000, 0x000002e5cdfb0000, 0x000002e5d5270000]
CodeHeap 'non-nmethods': size=5760Kb used=1236Kb max_used=1256Kb free=4523Kb
 bounds [0x000002e5cd7a0000, 0x000002e5cda10000, 0x000002e5cdd40000]
 total_blobs=1480 nmethods=1078 adapters=315
 compilation: enabled
              stopped_count=0, restarted_count=0
 full_count=0

Compilation events (20 events):
Event: 0.728 Thread 0x000002e5e4041310 1068       3       java.util.stream.ReferencePipeline::<init> (8 bytes)
Event: 0.728 Thread 0x000002e5e4041310 nmethod 1068 0x000002e5cdf26790 code [0x000002e5cdf26940, 0x000002e5cdf26a88]
Event: 0.728 Thread 0x000002e5e4041310 1069       3       jdk.internal.org.objectweb.asm.ClassVisitor::<init> (88 bytes)
Event: 0.729 Thread 0x000002e5e4041310 nmethod 1069 0x000002e5cdf26b10 code [0x000002e5cdf26d60, 0x000002e5cdf27648]
Event: 0.729 Thread 0x000002e5e4041310 1070       3       jdk.internal.org.objectweb.asm.SymbolTable::<init> (41 bytes)
Event: 0.729 Thread 0x000002e5e4041310 nmethod 1070 0x000002e5cdf27910 code [0x000002e5cdf27ae0, 0x000002e5cdf28058]
Event: 0.731 Thread 0x000002e5e4041310 1072       3       java.lang.String::codePointAt (50 bytes)
Event: 0.732 Thread 0x000002e5e4041310 nmethod 1072 0x000002e5cdf28190 code [0x000002e5cdf28360, 0x000002e5cdf286e8]
Event: 0.733 Thread 0x000002e5e4041310 1073       3       java.lang.invoke.MethodHandles$Lookup::resolveOrFail (40 bytes)
Event: 0.734 Thread 0x000002e5e4041310 nmethod 1073 0x000002e5cdf28890 code [0x000002e5cdf28b60, 0x000002e5cdf298a8]
Event: 0.734 Thread 0x000002e5e4041310 1075       3       java.lang.String::hashCode (60 bytes)
Event: 0.734 Thread 0x000002e5e4041310 nmethod 1075 0x000002e5cdf29d90 code [0x000002e5cdf29f60, 0x000002e5cdf2a2b8]
Event: 0.734 Thread 0x000002e5e4041310 1076       3       java.lang.invoke.MethodHandles$Lookup$ClassDefiner::<init> (58 bytes)
Event: 0.734 Thread 0x000002e5e4041310 nmethod 1076 0x000002e5cdf2a390 code [0x000002e5cdf2a540, 0x000002e5cdf2a7d8]
Event: 0.734 Thread 0x000002e5e4041310 1077       3       java.lang.invoke.MethodHandles$Lookup$ClassDefiner::defineClass (97 bytes)
Event: 0.735 Thread 0x000002e5e4041310 nmethod 1077 0x000002e5cdf2a890 code [0x000002e5cdf2ab40, 0x000002e5cdf2bad8]
Event: 0.735 Thread 0x000002e5e4041310 1078       3       java.lang.System$2::defineClass (21 bytes)
Event: 0.735 Thread 0x000002e5e4041310 nmethod 1078 0x000002e5cdf2c110 code [0x000002e5cdf2c2c0, 0x000002e5cdf2c468]
Event: 0.735 Thread 0x000002e5e4041310 1074       3       java.lang.invoke.MethodHandles$Lookup::getDirectMethodForConstant (72 bytes)
Event: 0.736 Thread 0x000002e5e4041310 nmethod 1074 0x000002e5cdf2c590 code [0x000002e5cdf2c8e0, 0x000002e5cdf2dc48]

GC Heap History (0 events):
No events

Deoptimization events (20 events):
Event: 0.679 Thread 0x000002e5c5577630 Uncommon trap: trap_request=0xffffffde fr.pc=0x000002e5d52bcf48 relative=0x0000000000000128
Event: 0.679 Thread 0x000002e5c5577630 Uncommon trap: reason=class_check action=maybe_recompile pc=0x000002e5d52bcf48 method=jdk.internal.misc.Unsafe.allocateUninitializedArray(Ljava/lang/Class;I)Ljava/lang/Object; @ 51 c2
Event: 0.679 Thread 0x000002e5c5577630 DEOPT PACKING pc=0x000002e5d52bcf48 sp=0x000000edaccfd6d0
Event: 0.680 Thread 0x000002e5c5577630 DEOPT UNPACKING pc=0x000002e5cd7ee42f sp=0x000000edaccfd658 mode 2
Event: 0.680 Thread 0x000002e5c5577630 Uncommon trap: trap_request=0xffffffde fr.pc=0x000002e5d52bcf48 relative=0x0000000000000128
Event: 0.680 Thread 0x000002e5c5577630 Uncommon trap: reason=class_check action=maybe_recompile pc=0x000002e5d52bcf48 method=jdk.internal.misc.Unsafe.allocateUninitializedArray(Ljava/lang/Class;I)Ljava/lang/Object; @ 51 c2
Event: 0.680 Thread 0x000002e5c5577630 DEOPT PACKING pc=0x000002e5d52bcf48 sp=0x000000edaccfd660
Event: 0.680 Thread 0x000002e5c5577630 DEOPT UNPACKING pc=0x000002e5cd7ee42f sp=0x000000edaccfd5e8 mode 2
Event: 0.680 Thread 0x000002e5c5577630 Uncommon trap: trap_request=0xffffffde fr.pc=0x000002e5d52bcf48 relative=0x0000000000000128
Event: 0.680 Thread 0x000002e5c5577630 Uncommon trap: reason=class_check action=maybe_recompile pc=0x000002e5d52bcf48 method=jdk.internal.misc.Unsafe.allocateUninitializedArray(Ljava/lang/Class;I)Ljava/lang/Object; @ 51 c2
Event: 0.680 Thread 0x000002e5c5577630 DEOPT PACKING pc=0x000002e5d52bcf48 sp=0x000000edaccfd510
Event: 0.680 Thread 0x000002e5c5577630 DEOPT UNPACKING pc=0x000002e5cd7ee42f sp=0x000000edaccfd498 mode 2
Event: 0.680 Thread 0x000002e5c5577630 Uncommon trap: trap_request=0xffffffde fr.pc=0x000002e5d52bcf48 relative=0x0000000000000128
Event: 0.680 Thread 0x000002e5c5577630 Uncommon trap: reason=class_check action=maybe_recompile pc=0x000002e5d52bcf48 method=jdk.internal.misc.Unsafe.allocateUninitializedArray(Ljava/lang/Class;I)Ljava/lang/Object; @ 51 c2
Event: 0.680 Thread 0x000002e5c5577630 DEOPT PACKING pc=0x000002e5d52bcf48 sp=0x000000edaccfd620
Event: 0.680 Thread 0x000002e5c5577630 DEOPT UNPACKING pc=0x000002e5cd7ee42f sp=0x000000edaccfd5a8 mode 2
Event: 0.732 Thread 0x000002e5c5577630 Uncommon trap: trap_request=0xffffff45 fr.pc=0x000002e5d527976c relative=0x000000000000024c
Event: 0.732 Thread 0x000002e5c5577630 Uncommon trap: reason=unstable_if action=reinterpret pc=0x000002e5d527976c method=java.lang.String.isLatin1()Z @ 10 c2
Event: 0.732 Thread 0x000002e5c5577630 DEOPT PACKING pc=0x000002e5d527976c sp=0x000000edaccfc360
Event: 0.732 Thread 0x000002e5c5577630 DEOPT UNPACKING pc=0x000002e5cd7ee42f sp=0x000000edaccfc2a0 mode 2

Classes unloaded (0 events):
No events

Classes redefined (2 events):
Event: 18.798 Thread 0x000002e5e4014d80 redefined class name=codewars.kyu5.SimplePigLatin, count=1
Event: 115.703 Thread 0x000002e5e4014d80 redefined class name=codewars.kyu5.SimplePigLatin, count=2

Internal exceptions (20 events):
Event: 0.543 Thread 0x000002e5c5577630 Exception <a 'java/lang/NoSuchMethodError'{0x0000000089195428}: 'java.lang.Object java.lang.invoke.DirectMethodHandle$Holder.newInvokeSpecial(java.lang.Object, java.lang.Object, java.lang.Object, java.lang.Object, java.lang.Object, java.lang.Object)'> (0x0000000089195428) 
thrown [./open/src/hotspot/share/interpreter/linkResolver.cpp, line 782]
Event: 0.573 Thread 0x000002e5c5577630 Exception <a 'java/lang/NoSuchMethodError'{0x00000000890b3df0}: 'java.lang.Object java.lang.invoke.DirectMethodHandle$Holder.invokeSpecialIFC(java.lang.Object, java.lang.Object, java.lang.Object, java.lang.Object)'> (0x00000000890b3df0) 
thrown [./open/src/hotspot/share/interpreter/linkResolver.cpp, line 782]
Event: 0.579 Thread 0x000002e5c5577630 Exception <a 'java/lang/NoSuchMethodError'{0x00000000890d3650}: 'java.lang.Object java.lang.invoke.DirectMethodHandle$Holder.invokeInterface(java.lang.Object, java.lang.Object, java.lang.Object)'> (0x00000000890d3650) 
thrown [./open/src/hotspot/share/interpreter/linkResolver.cpp, line 782]
Event: 0.588 Thread 0x000002e5c5577630 Exception <a 'java/lang/NoSuchMethodError'{0x0000000088f34770}: 'void java.lang.invoke.DirectMethodHandle$Holder.invokeInterface(java.lang.Object, java.lang.Object, java.lang.Object, java.lang.Object, java.lang.Object)'> (0x0000000088f34770) 
thrown [./open/src/hotspot/share/interpreter/linkResolver.cpp, line 782]
Event: 0.588 Thread 0x000002e5c5577630 Exception <a 'java/lang/IncompatibleClassChangeError'{0x0000000088f38640}: Found class java.lang.Object, but interface was expected> (0x0000000088f38640) 
thrown [./open/src/hotspot/share/interpreter/linkResolver.cpp, line 848]
Event: 0.601 Thread 0x000002e5c5577630 Exception <a 'java/lang/NoSuchMethodError'{0x0000000088f8f7d0}: 'java.lang.Object java.lang.invoke.DirectMethodHandle$Holder.invokeStatic(java.lang.Object, java.lang.Object, int)'> (0x0000000088f8f7d0) 
thrown [./open/src/hotspot/share/interpreter/linkResolver.cpp, line 782]
Event: 0.614 Thread 0x000002e5c5577630 Exception <a 'java/lang/NoSuchMethodError'{0x0000000088fe9608}: 'void java.lang.invoke.DirectMethodHandle$Holder.invokeSpecial(java.lang.Object, java.lang.Object, java.lang.Object, java.lang.Object, java.lang.Object)'> (0x0000000088fe9608) 
thrown [./open/src/hotspot/share/interpreter/linkResolver.cpp, line 782]
Event: 0.626 Thread 0x000002e5c5577630 Exception <a 'java/lang/NoSuchMethodError'{0x0000000088e50ea8}: 'void java.lang.invoke.DirectMethodHandle$Holder.invokeInterface(java.lang.Object, java.lang.Object, java.lang.Object, java.lang.Object)'> (0x0000000088e50ea8) 
thrown [./open/src/hotspot/share/interpreter/linkResolver.cpp, line 782]
Event: 0.626 Thread 0x000002e5c5577630 Exception <a 'java/lang/IncompatibleClassChangeError'{0x0000000088e549d0}: Found class java.lang.Object, but interface was expected> (0x0000000088e549d0) 
thrown [./open/src/hotspot/share/interpreter/linkResolver.cpp, line 848]
Event: 0.628 Thread 0x000002e5c5577630 Exception <a 'java/lang/NoSuchMethodError'{0x0000000088e6d1e8}: 'void java.lang.invoke.DirectMethodHandle$Holder.invokeStatic(java.lang.Object, java.lang.Object, java.lang.Object, java.lang.Object)'> (0x0000000088e6d1e8) 
thrown [./open/src/hotspot/share/interpreter/linkResolver.cpp, line 782]
Event: 0.631 Thread 0x000002e5c5577630 Exception <a 'java/lang/NoSuchMethodError'{0x0000000088e86560}: 'java.lang.Object java.lang.invoke.DirectMethodHandle$Holder.newInvokeSpecial(java.lang.Object, java.lang.Object, int)'> (0x0000000088e86560) 
thrown [./open/src/hotspot/share/interpreter/linkResolver.cpp, line 782]
Event: 0.650 Thread 0x000002e5c5577630 Exception <a 'java/lang/NoSuchMethodError'{0x0000000088d73690}: 'java.lang.Object java.lang.invoke.Invokers$Holder.invokeExact_MT(java.lang.Object, java.lang.Object, java.lang.Object, java.lang.Object, java.lang.Object, java.lang.Object)'> (0x0000000088d73690) 
thrown [./open/src/hotspot/share/interpreter/linkResolver.cpp, line 782]
Event: 0.652 Thread 0x000002e5c5577630 Exception <a 'java/lang/NoSuchMethodError'{0x0000000088d84808}: 'int java.lang.invoke.DirectMethodHandle$Holder.invokeStatic(java.lang.Object, java.lang.Object, java.lang.Object, java.lang.Object, java.lang.Object)'> (0x0000000088d84808) 
thrown [./open/src/hotspot/share/interpreter/linkResolver.cpp, line 782]
Event: 0.662 Thread 0x000002e5c5577630 Exception <a 'java/lang/NoSuchMethodError'{0x0000000088ddb330}: 'void java.lang.invoke.DirectMethodHandle$Holder.invokeStaticInit(java.lang.Object)'> (0x0000000088ddb330) 
thrown [./open/src/hotspot/share/interpreter/linkResolver.cpp, line 782]
Event: 0.683 Thread 0x000002e5c5577630 Exception <a 'java/lang/NoSuchMethodError'{0x0000000088cd5760}: 'int java.lang.invoke.DirectMethodHandle$Holder.invokeStaticInit(java.lang.Object, java.lang.Object)'> (0x0000000088cd5760) 
thrown [./open/src/hotspot/share/interpreter/linkResolver.cpp, line 782]
Event: 0.714 Thread 0x000002e5c5577630 Exception <a 'java/lang/NoSuchMethodError'{0x0000000088bdb6d0}: 'java.lang.Object java.lang.invoke.DirectMethodHandle$Holder.newInvokeSpecial(java.lang.Object, java.lang.Object, java.lang.Object, java.lang.Object, java.lang.Object, java.lang.Object, java.lang.Object)'> (0x0000000088bdb6d0) 
thrown [./open/src/hotspot/share/interpreter/linkResolver.cpp, line 782]
Event: 0.714 Thread 0x000002e5c5577630 Exception <a 'java/lang/NoSuchMethodError'{0x0000000088be0488}: 'java.lang.Object java.lang.invoke.Invokers$Holder.linkToTargetMethod(java.lang.Object, java.lang.Object, java.lang.Object, java.lang.Object, java.lang.Object, java.lang.Object, java.lang.Object)'> (0x0000000088be0488) 
thrown [./open/src/hotspot/share/interpreter/linkResolver.cpp, line 782]
Event: 0.715 Thread 0x000002e5c5577630 Exception <a 'java/lang/NoSuchMethodError'{0x0000000088be6de8}: 'java.lang.Object java.lang.invoke.DirectMethodHandle$Holder.invokeInterface(java.lang.Object, java.lang.Object, java.lang.Object, java.lang.Object, java.lang.Object)'> (0x0000000088be6de8) 
thrown [./open/src/hotspot/share/interpreter/linkResolver.cpp, line 782]
Event: 0.715 Thread 0x000002e5c5577630 Exception <a 'java/lang/IncompatibleClassChangeError'{0x0000000088beade0}: Found class java.lang.Object, but interface was expected> (0x0000000088beade0) 
thrown [./open/src/hotspot/share/interpreter/linkResolver.cpp, line 848]
Event: 115.759 Thread 0x000002e5e4ad9e10 Exception <a 'java/lang/LinkageError'{0x0000000089c773e8}> (0x0000000089c773e8) 
thrown [./open/src/hotspot/share/oops/generateOopMap.cpp, line 2137]

Events (20 events):
Event: 72.432 Executing VM operation: ChangeBreakpoints
Event: 72.433 Executing VM operation: ChangeBreakpoints done
Event: 115.701 Executing VM operation: ChangeBreakpoints
Event: 115.701 Executing VM operation: ChangeBreakpoints done
Event: 115.702 Executing VM operation: RedefineClasses
Event: 115.707 Executing VM operation: RedefineClasses done
Event: 115.707 Executing VM operation: GetFrameCount
Event: 115.707 Executing VM operation: GetFrameCount done
Event: 115.707 Executing VM operation: GetFrameCount
Event: 115.708 Executing VM operation: GetFrameCount done
Event: 115.708 Executing VM operation: GetStackTrace
Event: 115.708 Executing VM operation: GetStackTrace done
Event: 115.746 Executing VM operation: ChangeBreakpoints
Event: 115.747 Executing VM operation: ChangeBreakpoints done
Event: 115.748 Executing VM operation: ChangeBreakpoints
Event: 115.748 Executing VM operation: ChangeBreakpoints done
Event: 115.751 Executing VM operation: GetFrameCount
Event: 115.751 Executing VM operation: GetFrameCount done
Event: 115.751 Executing VM operation: GetStackTrace
Event: 115.751 Executing VM operation: GetStackTrace done


Dynamic libraries:
0x00007ff71de10000 - 0x00007ff71de1f000 	C:\Program Files\Java\jdk-15.0.1\bin\java.exe
0x00007ff9f7330000 - 0x00007ff9f7511000 	C:\WINDOWS\SYSTEM32\ntdll.dll
0x00007ff9f5490000 - 0x00007ff9f5541000 	C:\WINDOWS\System32\KERNEL32.DLL
0x00007ff9f36b0000 - 0x00007ff9f3923000 	C:\WINDOWS\System32\KERNELBASE.dll
0x00007ff9f42a0000 - 0x00007ff9f4398000 	C:\WINDOWS\System32\ucrtbase.dll
0x00007ff9ee170000 - 0x00007ff9ee188000 	C:\Program Files\Java\jdk-15.0.1\bin\jli.dll
0x00007ff9ee190000 - 0x00007ff9ee1a9000 	C:\Program Files\Java\jdk-15.0.1\bin\VCRUNTIME140.dll
0x00007ff9f5ca0000 - 0x00007ff9f5d41000 	C:\WINDOWS\System32\ADVAPI32.dll
0x00007ff9f4d60000 - 0x00007ff9f4dfe000 	C:\WINDOWS\System32\msvcrt.dll
0x00007ff9f4f80000 - 0x00007ff9f4fdb000 	C:\WINDOWS\System32\sechost.dll
0x00007ff9f5d50000 - 0x00007ff9f5e74000 	C:\WINDOWS\System32\RPCRT4.dll
0x00007ff9f5600000 - 0x00007ff9f5790000 	C:\WINDOWS\System32\USER32.dll
0x00007ff9f43a0000 - 0x00007ff9f43c0000 	C:\WINDOWS\System32\win32u.dll
0x00007ff9ed260000 - 0x00007ff9ed4c9000 	C:\WINDOWS\WinSxS\amd64_microsoft.windows.common-controls_6595b64144ccf1df_6.0.17134.1345_none_d3ffd07b7c9058ed\COMCTL32.dll
0x00007ff9f55d0000 - 0x00007ff9f55f8000 	C:\WINDOWS\System32\GDI32.dll
0x00007ff9f4fe0000 - 0x00007ff9f5301000 	C:\WINDOWS\System32\combase.dll
0x00007ff9f4540000 - 0x00007ff9f46d1000 	C:\WINDOWS\System32\gdi32full.dll
0x00007ff9f46e0000 - 0x00007ff9f477f000 	C:\WINDOWS\System32\msvcp_win.dll
0x00007ff9f4470000 - 0x00007ff9f44e9000 	C:\WINDOWS\System32\bcryptPrimitives.dll
0x00007ff9edce0000 - 0x00007ff9edcea000 	C:\WINDOWS\SYSTEM32\VERSION.dll
0x00007ff9f5be0000 - 0x00007ff9f5c0d000 	C:\WINDOWS\System32\IMM32.DLL
0x00007ff9f00c0000 - 0x00007ff9f00cc000 	C:\Program Files\Java\jdk-15.0.1\bin\vcruntime140_1.dll
0x00007ff9eae30000 - 0x00007ff9eaec1000 	C:\Program Files\Java\jdk-15.0.1\bin\msvcp140.dll
0x00007ff9b52e0000 - 0x00007ff9b5e3e000 	C:\Program Files\Java\jdk-15.0.1\bin\server\jvm.dll
0x00007ff9f4780000 - 0x00007ff9f4788000 	C:\WINDOWS\System32\PSAPI.DLL
0x00007ff9efdd0000 - 0x00007ff9efdd9000 	C:\WINDOWS\SYSTEM32\WSOCK32.dll
0x00007ff9efd90000 - 0x00007ff9efdb3000 	C:\WINDOWS\SYSTEM32\WINMM.dll
0x00007ff9f4e00000 - 0x00007ff9f4e6c000 	C:\WINDOWS\System32\WS2_32.dll
0x00007ff9efd60000 - 0x00007ff9efd8a000 	C:\WINDOWS\SYSTEM32\winmmbase.dll
0x00007ff9f44f0000 - 0x00007ff9f4539000 	C:\WINDOWS\System32\cfgmgr32.dll
0x00007ff9f3670000 - 0x00007ff9f3681000 	C:\WINDOWS\System32\kernel.appcore.dll
0x00007ff9f0070000 - 0x00007ff9f007a000 	C:\Program Files\Java\jdk-15.0.1\bin\jimage.dll
0x00007ff9e9c60000 - 0x00007ff9e9e29000 	C:\WINDOWS\SYSTEM32\DBGHELP.DLL
0x00007ff9e7180000 - 0x00007ff9e71a9000 	C:\WINDOWS\SYSTEM32\dbgcore.DLL
0x00007ff9e6b10000 - 0x00007ff9e6b49000 	C:\Program Files\Java\jdk-15.0.1\bin\jdwp.dll
0x00007ff9ecb30000 - 0x00007ff9ecb3e000 	C:\Program Files\Java\jdk-15.0.1\bin\instrument.dll
0x00007ff9eadf0000 - 0x00007ff9eae15000 	C:\Program Files\Java\jdk-15.0.1\bin\java.dll
0x00007ff9f5e80000 - 0x00007ff9f72c5000 	C:\WINDOWS\System32\SHELL32.dll
0x00007ff9f4c50000 - 0x00007ff9f4cf9000 	C:\WINDOWS\System32\shcore.dll
0x00007ff9f3b20000 - 0x00007ff9f4231000 	C:\WINDOWS\System32\windows.storage.dll
0x00007ff9f4d00000 - 0x00007ff9f4d51000 	C:\WINDOWS\System32\shlwapi.dll
0x00007ff9f3690000 - 0x00007ff9f36af000 	C:\WINDOWS\System32\profapi.dll
0x00007ff9f35d0000 - 0x00007ff9f361c000 	C:\WINDOWS\System32\powrprof.dll
0x00007ff9f3650000 - 0x00007ff9f3669000 	C:\WINDOWS\System32\Wldp.dll
0x00007ff9f3930000 - 0x00007ff9f3b12000 	C:\WINDOWS\System32\CRYPT32.dll
0x00007ff9f3620000 - 0x00007ff9f3632000 	C:\WINDOWS\System32\MSASN1.dll
0x00007ff9f4240000 - 0x00007ff9f4297000 	C:\WINDOWS\System32\WINTRUST.dll
0x00007ff9f3640000 - 0x00007ff9f364a000 	C:\WINDOWS\System32\FLTLIB.DLL
0x00000000604c0000 - 0x00000000604e0000 	C:\Program Files\Common Files\Crypto Pro\AppCompat\cpcrypt.dll
0x00000000604b0000 - 0x00000000604b7000 	C:\Program Files\Common Files\Crypto Pro\AppCompat\detoured.dll
0x00007ff9ead80000 - 0x00007ff9ead8b000 	C:\Program Files\Java\jdk-15.0.1\bin\dt_socket.dll
0x00007ff9f27c0000 - 0x00007ff9f27f8000 	C:\WINDOWS\SYSTEM32\IPHLPAPI.DLL
0x00007ff9f2a70000 - 0x00007ff9f2ad6000 	C:\WINDOWS\system32\mswsock.dll
0x00007ff9ead90000 - 0x00007ff9eada8000 	C:\Program Files\Java\jdk-15.0.1\bin\zip.dll
0x00007ff9eadd0000 - 0x00007ff9eade9000 	C:\Program Files\Java\jdk-15.0.1\bin\net.dll
0x00007ff9eca50000 - 0x00007ff9ecb2d000 	C:\WINDOWS\SYSTEM32\WINHTTP.dll
0x00007ff9eadb0000 - 0x00007ff9eadc2000 	C:\Program Files\Java\jdk-15.0.1\bin\nio.dll
0x00007ff9ec030000 - 0x00007ff9ec040000 	C:\Program Files\Java\jdk-15.0.1\bin\verify.dll

dbghelp: loaded successfully - version: 4.0.5 - missing functions: none
symbol engine: initialized successfully - sym options: 0x614 - pdb path: .;C:\Program Files\Java\jdk-15.0.1\bin;C:\WINDOWS\SYSTEM32;C:\WINDOWS\WinSxS\amd64_microsoft.windows.common-controls_6595b64144ccf1df_6.0.17134.1345_none_d3ffd07b7c9058ed;C:\Program Files\Java\jdk-15.0.1\bin\server;C:\Program Files\Common Files\Crypto Pro\AppCompat

VM Arguments:
jvm_args: -agentlib:jdwp=transport=dt_socket,address=127.0.0.1:57534,suspend=y,server=n -ea -Didea.test.cyclic.buffer.size=1048576 -javaagent:C:\Users\kuzne\AppData\Local\JetBrains\IdeaIC2020.3\captureAgent\debugger-agent.jar -Dfile.encoding=UTF-8 
java_command: com.intellij.rt.junit.JUnitStarter -ideVersion5 -junit5 codewars.kyu5.SimplePigLatinTest,pigIt
java_class_path (initial): C:\Program Files\JetBrains\IntelliJ IDEA Community Edition 2020.3\lib\idea_rt.jar;C:\Users\kuzne\.m2\repository\org\junit\platform\junit-platform-launcher\1.8.0\junit-platform-launcher-1.8.0.jar;C:\Users\kuzne\.m2\repository\org\junit\vintage\junit-vintage-engine\5.8.0\junit-vintage-engine-5.8.0.jar;C:\Program Files\JetBrains\IntelliJ IDEA Community Edition 2020.3\plugins\junit\lib\junit5-rt.jar;C:\Program Files\JetBrains\IntelliJ IDEA Community Edition 2020.3\plugins\junit\lib\junit-rt.jar;K:\CodewarsTasks\target\test-classes;K:\CodewarsTasks\target\classes;C:\Users\kuzne\.m2\repository\junit\junit\4.13.2\junit-4.13.2.jar;C:\Users\kuzne\.m2\repository\org\hamcrest\hamcrest-core\1.3\hamcrest-core-1.3.jar;C:\Users\kuzne\.m2\repository\org\junit\jupiter\junit-jupiter\5.8.0\junit-jupiter-5.8.0.jar;C:\Users\kuzne\.m2\repository\org\junit\jupiter\junit-jupiter-api\5.8.0\junit-jupiter-api-5.8.0.jar;C:\Users\kuzne\.m2\repository\org\opentest4j\opentest4j\1.2.0\opentest4j-1.2.0.jar;C:\Users\kuzne\.m2\repository\org\junit\platform\junit-platform-commons\1.8.0\junit-platform-commons-1.8.0.jar;C:\Users\kuzne\.m2\repository\org\apiguardian\apiguardian-api\1.1.2\apiguardian-api-1.1.2.jar;C:\Users\kuzne\.m2\repository\org\junit\jupiter\junit-jupiter-params\5.8.0\junit-jupiter-params-5.8.0.jar;C:\Users\kuzne\.m2\repository\org\junit\jupiter\junit-jupiter-engine\5.8.0\junit-jupiter-engine-5.8.0.jar;C:\Users\kuzne\.m2\repository\org\junit\platform\junit-platform-engine\1.8.0\junit-platform-engine-1.8.0.jar
Launcher Type: SUN_STANDARD

[Global flags]
     intx CICompilerCount                          = 4                                         {product} {ergonomic}
     uint ConcGCThreads                            = 2                                         {product} {ergonomic}
     uint G1ConcRefinementThreads                  = 8                                         {product} {ergonomic}
   size_t G1HeapRegionSize                         = 1048576                                   {product} {ergonomic}
    uintx GCDrainStackTargetSize                   = 64                                        {product} {ergonomic}
   size_t InitialHeapSize                          = 134217728                                 {product} {ergonomic}
   size_t MarkStackSize                            = 4194304                                   {product} {ergonomic}
   size_t MaxHeapSize                              = 2116026368                                {product} {ergonomic}
   size_t MaxNewSize                               = 1268776960                                {product} {ergonomic}
   size_t MinHeapDeltaBytes                        = 1048576                                   {product} {ergonomic}
   size_t MinHeapSize                              = 8388608                                   {product} {ergonomic}
    uintx NonNMethodCodeHeapSize                   = 5839372                                {pd product} {ergonomic}
    uintx NonProfiledCodeHeapSize                  = 122909434                              {pd product} {ergonomic}
    uintx ProfiledCodeHeapSize                     = 122909434                              {pd product} {ergonomic}
    uintx ReservedCodeCacheSize                    = 251658240                              {pd product} {ergonomic}
     bool SegmentedCodeCache                       = true                                      {product} {ergonomic}
   size_t SoftMaxHeapSize                          = 2116026368                             {manageable} {ergonomic}
     bool UseCompressedClassPointers               = true                                 {lp64_product} {ergonomic}
     bool UseCompressedOops                        = true                                 {lp64_product} {ergonomic}
     bool UseG1GC                                  = true                                      {product} {ergonomic}
     bool UseLargePagesIndividualAllocation        = false                                  {pd product} {ergonomic}

Logging:
Log output configuration:
 #0: stdout all=warning uptime,level,tags
 #1: stderr all=off uptime,level,tags

Environment Variables:
PATH=C:\Program Files\Common Files\Oracle\Java\javapath;C:\Program Files (x86)\Common Files\Intel\Shared Files\cpp\bin\Intel64;C:\Windows\system32;C:\Windows;C:\Windows\System32\Wbem;C:\Windows\System32\WindowsPowerShell\v1.0\;C:\Program Files (x86)\NVIDIA Corporation\PhysX\Common;C:\WINDOWS\system32;C:\WINDOWS;C:\WINDOWS\System32\Wbem;C:\WINDOWS\System32\WindowsPowerShell\v1.0\;C:\WINDOWS\System32\OpenSSH\;C:\Program Files\NVIDIA Corporation\NVIDIA NvDLISR;C:\Program Files\Git\cmd;C:\Users\kuzne\AppData\Local\Microsoft\WindowsApps;C:\Users\kuzne\AppData\Local\Programs\Microsoft VS Code\bin;C:\Users\kuzne\AppData\Local\gitkraken\bin
USERNAME=kuzne
OS=Windows_NT
PROCESSOR_IDENTIFIER=Intel64 Family 6 Model 60 Stepping 3, GenuineIntel



---------------  S Y S T E M  ---------------

OS:
 Windows 10 , 64 bit Build 17134 (10.0.17134.753)
OS uptime: 0 days 5:57 hours

CPU: total 8 (initial active 8) (4 cores per cpu, 2 threads per core) family 6 model 60 stepping 3 microcode 0x27, cmov, cx8, fxsr, mmx, sse, sse2, sse3, ssse3, sse4.1, sse4.2, popcnt, vzeroupper, avx, avx2, aes, clmul, erms, lzcnt, ht, tsc, tscinvbit, bmi1, bmi2, fma, clflush

Memory: 4k page, system-wide physical 8071M (2167M free)
TotalPageFile size 16007M (AvailPageFile size 5872M)
current process WorkingSet (physical memory assigned to process): 62M, peak: 66M
current process commit charge ("private bytes"): 222M, peak: 225M

vm_info: Java HotSpot(TM) 64-Bit Server VM (15.0.1+9-18) for windows-amd64 JRE (15.0.1+9-18), built on Sep 15 2020 14:43:54 by "mach5one" with unknown MS VC++:1925

END.
